  Autobus.cpp
C:\Users\rgo19\Documents\C++\Visual Studio\Linea de Autobuses\Linea de Autobuses\Lista.h(105,20): warning C4101: 'error': variable local sin referencia
C:\Users\rgo19\Documents\C++\Visual Studio\Linea de Autobuses\Linea de Autobuses\Lista.h(92): message : al compilar la función del miembro clase plantilla "Nodo<T> *List<T>::getByIndex(const int &)"
          with
          [
              T=int
          ]
C:\Users\rgo19\Documents\C++\Visual Studio\Linea de Autobuses\Linea de Autobuses\Lista.h(171): message : Vea la referencia a la creación de una instancia de la función plantilla "Nodo<T> *List<T>::getByIndex(const int &)" que se está compilando
          with
          [
              T=int
          ]
C:\Users\rgo19\Documents\C++\Visual Studio\Linea de Autobuses\Linea de Autobuses\Lista.h(57): message : al compilar la función del miembro clase plantilla "void List<int>::insert(const T &)"
          with
          [
              T=int
          ]
C:\Users\rgo19\Documents\C++\Visual Studio\Linea de Autobuses\Linea de Autobuses\Autobus.cpp(32): message : Vea la referencia a la creación de una instancia de la función plantilla "void List<int>::insert(const T &)" que se está compilando
          with
          [
              T=int
          ]
C:\Users\rgo19\Documents\C++\Visual Studio\Linea de Autobuses\Linea de Autobuses\Autobus.h(15): message : Vea la referencia a la creación de una instancia de clase plantilla "List<int>" que se está compilando
  Linea de Autobuses.vcxproj -> C:\Users\rgo19\Documents\C++\Visual Studio\Linea de Autobuses\Debug\Linea de Autobuses.exe
